2026-03-20 10:51:38 [INFO] [Auth] Basic auth success: admin (admin)
2026-03-20 10:51:38 [INFO] [Auth] Session created for admin: kMRe2ud5...
2026-03-20 11:11:38 [INFO] [Auth] Basic auth success: 1234 (admin)
2026-03-20 11:11:38 [INFO] [Auth] Session created for 1234: bBuRJtP8...
2026-03-20 11:15:10 [INFO] [Auth] Basic auth success: 1234 (admin)
2026-03-20 11:15:10 [INFO] [Auth] Session created for 1234: WNhObS4E...
2026-03-20 11:16:39 [INFO] [Auth] Basic auth success: 1234 (admin)
2026-03-20 11:16:39 [INFO] [Auth] Session created for 1234: hrDF33fn...
2026-03-20 11:23:58 [INFO] [Auth] Basic auth success: 1234 (admin)
2026-03-20 11:23:58 [INFO] [Auth] Session created for 1234: WNtK_fnk...
2026-03-20 12:23:59 [INFO] [Auth] Basic auth success: 1234 (admin)
2026-03-20 12:23:59 [INFO] [Auth] Session created for 1234: gmKtB-kn...
2026-03-20 13:23:59 [INFO] [Auth] Basic auth success: 1234 (admin)
2026-03-20 13:23:59 [INFO] [Auth] Session created for 1234: B3SlThlJ...
2026-03-20 14:26:46 [INFO] [Auth] Basic auth success: 1234 (admin)
2026-03-20 14:26:46 [INFO] [Auth] Session created for 1234: nCUnp4PR...
2026-03-20 15:16:54 [INFO] [Auth] Basic auth success: 1234 (admin)
2026-03-20 15:16:54 [INFO] [Auth] Session created for 1234: VLJRLDXj...
2026-03-20 15:17:50 [WARNING] [Auth] Unknown user: 1234
2026-03-20 16:25:23 [INFO] [Auth] Basic auth success: 1234 (admin)
2026-03-20 16:25:23 [INFO] [Auth] Session created for 1234: JVX_SzSS...
2026-03-20 16:53:57 [INFO] [Auth] Basic auth success: 1234 (admin)
2026-03-20 16:53:57 [INFO] [Auth] Session created for 1234: wJQsVl_y...
2026-03-23 11:55:18 [WARNING] [Auth] Wrong password for user: admin
2026-03-23 11:55:28 [INFO] [Auth] Basic auth success: admin (admin)
2026-03-23 11:55:28 [INFO] [Auth] Session created for admin: C-QljLq3...
2026-03-23 11:56:29 [INFO] [Auth] Basic auth success: admin (admin)
2026-03-23 11:56:29 [INFO] [Auth] Session created for admin: WbnLCBpH...
2026-03-23 11:58:22 [INFO] [Auth] Basic auth success: admin (admin)
2026-03-23 11:58:22 [INFO] [Auth] Session created for admin: 9-Wapw2G...
2026-03-23 11:59:07 [INFO] [Auth] Basic auth success: admin (admin)
2026-03-23 11:59:07 [INFO] [Auth] Session created for admin: ISM3PDS0...
2026-03-23 11:59:16 [INFO] [Auth] Basic auth success: admin (admin)
2026-03-23 11:59:16 [INFO] [Auth] Session created for admin: BCJKTvNF...
2026-03-23 11:59:58 [INFO] [Auth] Basic auth success: admin (admin)
2026-03-23 11:59:58 [INFO] [Auth] Session created for admin: MgLFBE-e...
2026-03-23 12:00:29 [INFO] [Auth] Basic auth success: user1 (admin)
2026-03-23 12:00:29 [INFO] [Auth] Session created for user1: Kz2aWyw5...
2026-03-23 12:01:59 [INFO] [Auth] Basic auth success: admin (admin)
2026-03-23 12:01:59 [INFO] [Auth] Session created for admin: 7RHKDivn...
2026-03-23 13:35:14 [INFO] [Auth] Basic auth success: admin (admin)
2026-03-23 13:35:14 [INFO] [Auth] Session created for admin: fVA0JXtY...
2026-03-23 13:39:19 [INFO] [Auth] Basic auth success: admin (admin)
2026-03-23 13:39:19 [INFO] [Auth] Session created for admin: 56fZlAPw...
2026-03-23 13:43:15 [INFO] [Auth] Basic auth success: admin (admin)
2026-03-23 13:43:15 [INFO] [Auth] Session created for admin: NB_75xWJ...
